# JRE version: Java(TM) SE Runtime Environment (17.0.12+8) (build 17.0.12+8-LTS-286)
# Java VM: Java HotSpot(TM) 64-Bit Server VM (17.0.12+8-LTS-286, mixed mode, sharing, tiered, compressed oops, compressed class ptrs, g1 gc, windows-amd64)
GC Precious Log:
 CPUs: 8 total, 8 available
 Memory: 16321M
 Large Page Support: Disabled
 NUMA Support: Disabled
 Compressed Oops: Enabled (32-bit)
 Heap Region Size: 1M
 Heap Min Capacity: 8M
 Heap Initial Capacity: 256M
 Heap Max Capacity: 2G
 Pre-touch: Disabled
 Parallel Workers: 8
 Concurrent Workers: 2
 Concurrent Refinement Workers: 8
 Periodic GC: Disabled
Heap:
 garbage-first heap   total 86016K, used 37801K [0x0000000080000000, 0x0000000100000000)
  region size 1024K, 9 young (9216K), 3 survivors (3072K)
 Metaspace       used 36173K, committed 36608K, reserved 491520K
  class space    used 5055K, committed 5248K, reserved 425984K
GC Heap History (16 events):
Event: 0.367 GC heap before
{Heap before GC invocations=0 (full 0):
 garbage-first heap   total 262144K, used 22528K [0x0000000080000000, 0x0000000100000000)
  region size 1024K, 23 young (23552K), 0 survivors (0K)
 Metaspace       used 1065K, committed 1216K, reserved 491520K
  class space    used 72K, committed 128K, reserved 425984K
}
Event: 0.369 GC heap after
{Heap after GC invocations=1 (full 0):
 garbage-first heap   total 262144K, used 3649K [0x0000000080000000, 0x0000000100000000)
  region size 1024K, 3 young (3072K), 3 survivors (3072K)
 Metaspace       used 1065K, committed 1216K, reserved 491520K
  class space    used 72K, committed 128K, reserved 425984K
}
Event: 0.841 GC heap before
{Heap before GC invocations=1 (full 0):
 garbage-first heap   total 262144K, used 39489K [0x0000000080000000, 0x0000000100000000)
  region size 1024K, 36 young (36864K), 3 survivors (3072K)
 Metaspace       used 4393K, committed 4544K, reserved 491520K
  class space    used 546K, committed 640K, reserved 425984K
}
Event: 0.844 GC heap after
{Heap after GC invocations=2 (full 0):
 garbage-first heap   total 262144K, used 11137K [0x0000000080000000, 0x0000000100000000)
  region size 1024K, 5 young (5120K), 5 survivors (5120K)
 Metaspace       used 4393K, committed 4544K, reserved 491520K
  class space    used 546K, committed 640K, reserved 425984K
}
Event: 1.357 GC heap before
{Heap before GC invocations=2 (full 0):
 garbage-first heap   total 262144K, used 64385K [0x0000000080000000, 0x0000000100000000)
  region size 1024K, 55 young (56320K), 5 survivors (5120K)
 Metaspace       used 5464K, committed 5696K, reserved 491520K
  class space    used 729K, committed 832K, reserved 425984K
}
Event: 1.361 GC heap after
{Heap after GC invocations=3 (full 0):
 garbage-first heap   total 262144K, used 17325K [0x0000000080000000, 0x0000000100000000)
  region size 1024K, 5 young (5120K), 5 survivors (5120K)
 Metaspace       used 5464K, committed 5696K, reserved 491520K
  class space    used 729K, committed 832K, reserved 425984K
}
Event: 3.039 GC heap before
{Heap before GC invocations=3 (full 0):
 garbage-first heap   total 262144K, used 120749K [0x0000000080000000, 0x0000000100000000)
  region size 1024K, 107 young (109568K), 5 survivors (5120K)
 Metaspace       used 21146K, committed 21504K, reserved 491520K
  class space    used 3080K, committed 3264K, reserved 425984K
}
Event: 3.046 GC heap after
{Heap after GC invocations=4 (full 0):
 garbage-first heap   total 262144K, used 24071K [0x0000000080000000, 0x0000000100000000)
  region size 1024K, 12 young (12288K), 12 survivors (12288K)
 Metaspace       used 21146K, committed 21504K, reserved 491520K
  class space    used 3080K, committed 3264K, reserved 425984K
}
Event: 3.705 GC heap before
{Heap before GC invocations=5 (full 0):
 garbage-first heap   total 86016K, used 62983K [0x0000000080000000, 0x0000000100000000)
  region size 1024K, 50 young (51200K), 12 survivors (12288K)
 Metaspace       used 27597K, committed 27968K, reserved 491520K
  class space    used 3896K, committed 4096K, reserved 425984K
}
Event: 3.713 GC heap after
{Heap after GC invocations=6 (full 0):
 garbage-first heap   total 86016K, used 27680K [0x0000000080000000, 0x0000000100000000)
  region size 1024K, 4 young (4096K), 4 survivors (4096K)
 Metaspace       used 27597K, committed 27968K, reserved 491520K
  class space    used 3896K, committed 4096K, reserved 425984K
}
Event: 4.154 GC heap before
{Heap before GC invocations=6 (full 0):
 garbage-first heap   total 86016K, used 61472K [0x0000000080000000, 0x0000000100000000)
  region size 1024K, 38 young (38912K), 4 survivors (4096K)
 Metaspace       used 30934K, committed 31360K, reserved 491520K
  class space    used 4344K, committed 4544K, reserved 425984K
}
Event: 4.158 GC heap after
{Heap after GC invocations=7 (full 0):
 garbage-first heap   total 86016K, used 30904K [0x0000000080000000, 0x0000000100000000)
  region size 1024K, 4 young (4096K), 4 survivors (4096K)
 Metaspace       used 30934K, committed 31360K, reserved 491520K
  class space    used 4344K, committed 4544K, reserved 425984K
}
Event: 4.692 GC heap before
{Heap before GC invocations=7 (full 0):
 garbage-first heap   total 86016K, used 67768K [0x0000000080000000, 0x0000000100000000)
  region size 1024K, 36 young (36864K), 4 survivors (4096K)
 Metaspace       used 34731K, committed 35136K, reserved 491520K
  class space    used 4812K, committed 4992K, reserved 425984K
}
Event: 4.695 GC heap after
{Heap after GC invocations=8 (full 0):
 garbage-first heap   total 86016K, used 32288K [0x0000000080000000, 0x0000000100000000)
  region size 1024K, 3 young (3072K), 3 survivors (3072K)
 Metaspace       used 34731K, committed 35136K, reserved 491520K
  class space    used 4812K, committed 4992K, reserved 425984K
}
Event: 4.794 GC heap before
{Heap before GC invocations=8 (full 0):
 garbage-first heap   total 86016K, used 38432K [0x0000000080000000, 0x0000000100000000)
  region size 1024K, 10 young (10240K), 3 survivors (3072K)
 Metaspace       used 35604K, committed 35968K, reserved 491520K
  class space    used 4945K, committed 5120K, reserved 425984K
}
Event: 4.797 GC heap after
{Heap after GC invocations=9 (full 0):
 garbage-first heap   total 86016K, used 32681K [0x0000000080000000, 0x0000000100000000)
  region size 1024K, 3 young (3072K), 3 survivors (3072K)
 Metaspace       used 35604K, committed 35968K, reserved 491520K
  class space    used 4945K, committed 5120K, reserved 425984K
}

